<?xml version="1.0" encoding="UTF-8"?>
<!-- Generated by org.testng.reporters.JUnitXMLReporter -->
<testsuite ignored="0" hostname="LAPTOP-GAN1EGRH" failures="0" tests="4" name="Test" time="39.604" errors="0" timestamp="2022-01-24T17:30:04 EST">
  <testcase classname="Academy.E2EProject.HomePage" name="basePageNavigation" time="6.834"/>
  <testcase classname="Academy.E2EProject.HomePage" name="basePageNavigation" time="6.758"/>
  <testcase classname="Academy.E2EProject.ValidateNavigationBar" name="basePageNavigation" time="0.039"/>
  <testcase classname="Academy.E2EProject.ValidateTitle" name="basePageNavigation" time="4.98"/>
</testsuite> <!-- Test -->
