<?xml version="1.0" encoding="UTF-8"?>
<!-- Generated by org.testng.reporters.JUnitXMLReporter -->
<testsuite ignored="0" hostname="LAPTOP-GAN1EGRH" failures="0" tests="2" name="Validating user login" time="26.993" errors="0" timestamp="2022-02-19T19:23:11 EST">
  <testcase classname="io.cucumber.testng.AbstractTestNGCucumberTests" name="runScenario" time="14.067"/>
  <testcase classname="io.cucumber.testng.AbstractTestNGCucumberTests" name="runScenario" time="12.68"/>
</testsuite> <!-- Validating user login -->
