<?xml version="1.0" encoding="UTF-8"?>
<!-- Generated by org.testng.reporters.JUnitXMLReporter -->
<testsuite ignored="0" hostname="LAPTOP-GAN1EGRH" failures="1" tests="2" name="Validating Title" time="10.404" errors="0" timestamp="2022-02-04T17:32:22 EST">
  <testcase classname="Academy.E2EProject.ValidateTitle" name="validateAppTitle" time="4.889"/>
  <testcase classname="Academy.E2EProject.ValidateTitle" name="validateHeader" time="0.001">
    <failure type="java.lang.NullPointerException" message="Cannot invoke &amp;quot;pageObject.LandingPage.getHeader()&amp;quot; because &amp;quot;this.lp&amp;quot; is null">
      <![CDATA[java.lang.NullPointerException: Cannot invoke "pageObject.LandingPage.getHeader()" because "this.lp" is null
at Academy.E2EProject.ValidateTitle.validateHeader(ValidateTitle.java:44)
at java.base/java.util.ArrayList.forEach(ArrayList.java:1511)
at java.base/java.util.concurrent.FutureTask.run(FutureTask.java:264)
at java.base/java.util.concurrent.ThreadPoolExecutor.runWorker(ThreadPoolExecutor.java:1130)
at java.base/java.util.concurrent.ThreadPoolExecutor$Worker.run(ThreadPoolExecutor.java:630)
at java.base/java.lang.Thread.run(Thread.java:831)
... Removed 18 stack frames]]>
    </failure>
  </testcase> <!-- validateHeader -->
</testsuite> <!-- Validating Title -->
