<?xml version="1.0" encoding="UTF-8"?>
<!-- Generated by org.testng.reporters.JUnitXMLReporter -->
<testsuite hostname="LAPTOP-GAN1EGRH" ignored="0" name="Test" tests="4" failures="0" timestamp="2022-01-25T16:40:08 EST" time="48.978" errors="0">
  <testcase name="basePageNavigation" time="12.489" classname="Academy.E2EProject.HomePage"/>
  <testcase name="basePageNavigation" time="15.536" classname="Academy.E2EProject.HomePage"/>
  <testcase name="basePageNavigation" time="0.063" classname="Academy.E2EProject.ValidateNavigationBar"/>
  <testcase name="basePageNavigation" time="5.087" classname="Academy.E2EProject.ValidateTitle"/>
</testsuite> <!-- Test -->
