-------------------------------------------------------------------------------
Test set: TestSuite
-------------------------------------------------------------------------------
Tests run: 4, Failures: 1, Errors: 0, Skipped: 0, Time elapsed: 26.251 s <<< FAILURE! - in TestSuite
Academy.E2EProject.ValidateTitle.validateAppTitle  Time elapsed: 8.398 s  <<< FAILURE!
java.lang.AssertionError: expected [FEATURED COURSES123] but found [FEATURED COURSES]
	at Academy.E2EProject.ValidateTitle.validateAppTitle(ValidateTitle.java:34)

