<?xml version="1.0" encoding="UTF-8"?>
<testsuite xmlns:xsi="http://www.w3.org/2001/XMLSchema-instance" xsi:noNamespaceSchemaLocation="https://maven.apache.org/surefire/maven-surefire-plugin/xsd/surefire-test-report-3.0.xsd" version="3.0" name="TestSuite" time="26.251" tests="4" errors="0" skipped="0" failures="1">
  <properties>
[...]
</properties>
  <testcase name="basePageNavigation" classname="Academy.E2EProject.ValidateNavigationBar" time="0.093">
    <system-err><![CDATA[SLF4J: Failed to load class "org.slf4j.impl.StaticLoggerBinder".
SLF4J: Defaulting to no-operation (NOP) logger implementation
SLF4J: See http://www.slf4j.org/codes.html#StaticLoggerBinder for further details.
Starting ChromeDriver 9S6t.a0r.t46i64n.g4 5C h(r7o6mee4Dcr1ibvbe2ra b49667.01b.84b6eb6a43.44454 e(617c60ef41c715b8b42ba2bf4c6-7r1ebf8sb/ebbar3an4c4h4-eh6e1acd0sf/14765648@4{b#29f4c7-}r)e ofns /pborratn c61h7-4h0ea
dOnsl/y4 6l64o@c{a#9l47 }c) oonn npectioornts  5a3r7e3 3al
lOonwleyd l.oc
aPll ecaosnen esceet ihotnst pasr:e/ a/lchlroowmeedd.ri
vPelre.acsher osmieuem .hotrtg/psse:c/u/rcihtryo-mceodnrisviederr.acthiroonmsi ufmo.ro rsgu/gsgeecustriiotnys- coonn skiedeepriantgi onCsh rfoomre sDurgigveesrt isoanfse .on
 keeping ChromeDriver safe.
Starting ChromeDriver 96.0.4664.45 (76e4c1bb2ab4671b8beba3444e61c0f17584b2fc-refs/branch-heads/4664@{#947}) on port 60748
Only local connections are allowed.
Please see https://chromedriver.chromium.org/security-considerations for suggestions on keeping ChromeDriver safCeh.r
omeDriveCr hwraos msetDarritveedr  swuacsce ssstfaulrltye.d 
successfully.
ChromeDriver was started successfully.
[1644011283.504][WARNING]: This version of ChromeDriver has not been tested with Chrome version 97.
[1644011283.512][WARNING]: This version of ChromeDriver has not been tested with Chrome version 97.
[1644011283.555][WARNING]: This version of ChromeDriver has not been tested with Chrome version 97.
Feb 04, 2022 4:48:03 PM org.openqa.selenium.remote.ProtocolHandshake createSession
INFO: Detected dialect: W3C
Feb 04, 2022 4:48:03 PM org.openqa.selenium.remote.ProtocolHandshake createSession
INFO: Detected dialect: W3C
Feb 04, 2022 4:48:03 PM org.openqa.selenium.remote.ProtocolHandshake createSession
INFO: Detected dialect: W3C
Feb 04, 2022 4:48:03 PM org.openqa.selenium.devtools.CdpVersionFinder findNearestMatch
WARNING: Unable to find an exact match for CDP version 97, so returning the closest version found: 96
Feb 04, 2022 4:48:03 PM org.openqa.selenium.devtools.CdpVersionFinder findNearestMatch
WARNING: Unable to find an exact match for CDP version 97, so returning the closest version found: 96
Feb 04, 2022 4:48:03 PM org.openqa.selenium.devtools.CdpVersionFinder findNearestMatch
WARNING: Unable to find an exact match for CDP version 97, so returning the closest version found: 96
Feb 04, 2022 4:48:03 PM org.openqa.selenium.devtools.CdpVersionFinder findNearestMatch
INFO: Found CDP implementation for version 97 of 96
Feb 04, 2022 4:48:03 PM org.openqa.selenium.devtools.CdpVersionFinder findNearestMatch
INFO: Found CDP implementation for version 97 of 96
Feb 04, 2022 4:48:03 PM org.openqa.selenium.devtools.CdpVersionFinder findNearestMatch
INFO: Found CDP implementation for version 97 of 96
Starting ChromeDriver 96.0.4664.45 (76e4c1bb2ab4671b8beba3444e61c0f17584b2fc-refs/branch-heads/4664@{#947}) on port 62205
Only local connections are allowed.
Please see https://chromedriver.chromium.orSgt/asecrutriintgy -CchornosmiedDerriavteiron 96s.0. 4f66o4r. 4s5 (u7g6gee4sct1ibobn2sa bo4n6 7k1be8ebpebian3g4 4C4her6o1cm0ef1D7r5i8v4ebr2 fsca-free.fs
/branch-heads/4664@{#947}) on port 63171
Only local connections are allowed.
Please see https://chromedriver.chromium.org/security-considerations for suggestions on keeping ChromeDriver safe.
ChromeDriver was started successfully.
ChromeDriver was started successfully.
]]></system-err>
  </testcase>
  <testcase name="validateAppTitle" classname="Academy.E2EProject.ValidateTitle" time="8.398">
    <failure message="expected [FEATURED COURSES123] but found [FEATURED COURSES]" type="java.lang.AssertionError"><![CDATA[java.lang.AssertionError: expected [FEATURED COURSES123] but found [FEATURED COURSES]
	at Academy.E2EProject.ValidateTitle.validateAppTitle(ValidateTitle.java:34)
]]></failure>
    <system-out><![CDATA[Restricted User
]]></system-out>
    <system-err><![CDATA[[1644011289.623][WARNING]: This version of ChromeDriver has not been tested with Chrome version 97.
[1644011289.661][WARNING]: This version of ChromeDriver has not been tested with Chrome version 97.
Feb 04, 2022 4:48:09 PM org.openqa.selenium.remote.ProtocolHandshake createSession
INFO: Detected dialect: W3C
Feb 04, 2022 4:48:09 PM org.openqa.selenium.remote.ProtocolHandshake createSession
INFO: Detected dialect: W3C
Feb 04, 2022 4:48:09 PM org.openqa.selenium.devtools.CdpVersionFinder findNearestMatch
WARNING: Unable to find an exact match for CDP version 97, so returning the closest version found: 96
Feb 04, 2022 4:48:09 PM org.openqa.selenium.devtools.CdpVersionFinder findNearestMatch
INFO: Found CDP implementation for version 97 of 96
Feb 04, 2022 4:48:09 PM org.openqa.selenium.devtools.CdpVersionFinder findNearestMatch
WARNING: Unable to find an exact match for CDP version 97, so returning the closest version found: 96
Feb 04, 2022 4:48:09 PM org.openqa.selenium.devtools.CdpVersionFinder findNearestMatch
INFO: Found CDP implementation for version 97 of 96
]]></system-err>
  </testcase>
  <testcase name="basePageNavigation[nonrestricteduser@qw.com, 123456, Restricted User](1)" classname="Academy.E2EProject.HomePage" time="8.624"/>
  <testcase name="basePageNavigation[restricteduser@qw.com, 456788, Non Restricted User](2)" classname="Academy.E2EProject.HomePage" time="8.393">
    <system-out><![CDATA[Non Restricted User
]]></system-out>
    <system-err><![CDATA[Starting ChromeDriver 96.0.4664.45 (76e4c1bb2ab4671b8beba3444e61c0f17584b2fc-refs/branch-heads/4664@{#947}) on port 54992
Only local connections are allowed.
Please see https://chromedriver.chromium.org/security-considerations for suggestions on keeping ChromeDriver safe.
ChromeDriver was started successfully.
[1644011298.361][WARNING]: This version of ChromeDriver has not been tested with Chrome version 97.
Feb 04, 2022 4:48:18 PM org.openqa.selenium.remote.ProtocolHandshake createSession
INFO: Detected dialect: W3C
Feb 04, 2022 4:48:18 PM org.openqa.selenium.devtools.CdpVersionFinder findNearestMatch
WARNING: Unable to find an exact match for CDP version 97, so returning the closest version found: 96
Feb 04, 2022 4:48:18 PM org.openqa.selenium.devtools.CdpVersionFinder findNearestMatch
INFO: Found CDP implementation for version 97 of 96
]]></system-err>
  </testcase>
</testsuite>